<?xml version="1.0" encoding="UTF-8"?>
<!-- Generated by org.testng.reporters.JUnitXMLReporter -->
<testsuite ignored="0" hostname="DESKTOP-HR3FT9J" failures="1" tests="8" name="Test1" time="0.357" errors="0" timestamp="2024-08-24T03:12:54 GMT-07:00">
  <testcase classname="Automation.Demo_Listner" name="check" time="0.041"/>
  <testcase classname="Automation.Demo_Listner" name="d1" time="0.031"/>
  <testcase classname="Automation.Demo_Listner" name="d1" time="0.003"/>
  <testcase classname="Automation.Demo_Listner" name="d1" time="0.006"/>
  <testcase classname="Automation.Demo_Listner" name="d1" time="0.006"/>
  <testcase classname="Automation.Demo_Listner" name="d1" time="0.008"/>
  <testcase classname="Automation.Demo_Listner" name="d2" time="0.01">
    <failure type="java.lang.AssertionError" message="expected [false] but found [true]">
      <![CDATA[java.lang.AssertionError: expected [false] but found [true]
at Automation.Demo_Listner.d2(Demo_Listner.java:21)
at java.base/java.util.ArrayList.forEach(ArrayList.java:1597)
... Removed 29 stack frames]]>
    </failure>
  </testcase> <!-- d2 -->
  <testcase classname="Automation.Demo_Listner" name="d4" time="0.018">
    <skipped/>
  </testcase> <!-- d4 -->
</testsuite> <!-- Test1 -->
