<?xml version="1.0" encoding="UTF-8"?>
<!-- Generated by org.testng.reporters.JUnitReportReporter -->
<testsuite hostname="DESKTOP-HR3FT9J" failures="0" tests="3" name="Automation.Listner_demo" time="0.036" errors="0" timestamp="2024-08-10T04:41:06 GMT-07:00" skipped="0">
  <testcase classname="Automation.Listner_demo" name="d2" time="0.020"/>
  <testcase classname="Automation.Listner_demo" name="d4" time="0.008"/>
  <testcase classname="Automation.Listner_demo" name="d1" time="0.008"/>
</testsuite> <!-- Automation.Listner_demo -->
